<?xml version="1.0" encoding="UTF-8"?>
<!-- Generated by org.testng.reporters.JUnitReportReporter -->
<testsuite skipped="0" hostname="Gobiraj" name="tests.PasswordVerification" tests="1" failures="0" timestamp="18 Jun 2018 16:51:37 GMT" time="0.031" errors="0">
  <testcase name="password" time="0.031" classname="tests.PasswordVerification"/>
</testsuite> <!-- tests.PasswordVerification -->
