<?xml version="1.0" encoding="UTF-8"?>
<!-- Generated by org.testng.reporters.JUnitReportReporter -->
<testsuite skipped="0" hostname="Gobiraj" name="tests.EditLead1" tests="1" failures="0" timestamp="08 Jul 2018 05:35:19 GMT" time="27.912" errors="0">
  <testcase name="editlead" time="27.912" classname="tests.EditLead1"/>
</testsuite> <!-- tests.EditLead1 -->
