<?xml version="1.0" encoding="UTF-8"?>
<!-- Generated by org.testng.reporters.JUnitReportReporter -->
<testsuite skipped="0" hostname="Gobiraj" name="tests.EditLead" tests="2" failures="0" timestamp="25 Jun 2018 15:57:49 GMT" time="66.827" errors="0">
  <testcase name="editLead" time="25.231" classname="tests.EditLead"/>
  <testcase name="editLead" time="41.596" classname="tests.EditLead"/>
</testsuite> <!-- tests.EditLead -->
