<?xml version="1.0" encoding="UTF-8"?>
<!-- Generated by org.testng.reporters.JUnitReportReporter -->
<testsuite skipped="0" hostname="Gobiraj" name="tests.MergeLead" tests="1" failures="0" timestamp="23 Jun 2018 14:37:02 GMT" time="41.398" errors="0">
  <testcase name="mergeLead" time="41.398" classname="tests.MergeLead"/>
</testsuite> <!-- tests.MergeLead -->
