<?xml version="1.0" encoding="UTF-8"?>
<!-- Generated by org.testng.reporters.JUnitReportReporter -->
<testsuite skipped="1" hostname="Gobiraj" name="tests.CreateLead" tests="1" failures="0" timestamp="07 Jul 2018 05:35:24 GMT" time="0.000" errors="0">
  <testcase name="createLead" time="0.000" classname="tests.CreateLead">
    <skipped/>
  </testcase> <!-- createLead -->
</testsuite> <!-- tests.CreateLead -->
