<?xml version="1.0" encoding="UTF-8"?>
<!-- Generated by org.testng.reporters.JUnitReportReporter -->
<testsuite skipped="0" hostname="Gobiraj" name="tests.TestCase1" tests="1" failures="0" timestamp="17 Jun 2018 10:24:37 GMT" time="27.756" errors="0">
  <testcase name="createAcc" time="27.756" classname="tests.TestCase1"/>
</testsuite> <!-- tests.TestCase1 -->
